# JRE version: OpenJDK Runtime Environment (8.0_112-b06) (build 1.8.0_112-release-b06)
# Java VM: OpenJDK 64-Bit Server VM (25.112-b06 mixed mode windows-amd64 compressed oops)
Heap:
 PSYoungGen      total 641536K, used 87877K [0x000000078ab00000, 0x00000007c0000000, 0x00000007c0000000)
  eden space 417792K, 21% used [0x000000078ab00000,0x00000007900d16a0,0x00000007a4300000)
  from space 223744K, 0% used [0x00000007b2580000,0x00000007b2580000,0x00000007c0000000)
  to   space 227840K, 0% used [0x00000007a4300000,0x00000007a4300000,0x00000007b2180000)
 ParOldGen       total 1105920K, used 104693K [0x0000000720000000, 0x0000000763800000, 0x000000078ab00000)
  object space 1105920K, 9% used [0x0000000720000000,0x000000072663d728,0x0000000763800000)
 Metaspace       used 97035K, capacity 102320K, committed 102696K, reserved 1138688K
  class space    used 12291K, capacity 13268K, committed 13360K, reserved 1048576K
GC Heap History (10 events):
Event: 2278.193 GC heap before
{Heap before GC invocations=58 (full 10):
 PSYoungGen      total 650752K, used 542590K [0x000000078ab00000, 0x00000007c0000000, 0x00000007c0000000)
  eden space 428032K, 98% used [0x000000078ab00000,0x00000007a47a4fe8,0x00000007a4d00000)
  from space 222720K, 53% used [0x00000007a4d00000,0x00000007ac23a9a0,0x00000007b2680000)
  to   space 218624K, 0% used [0x00000007b2a80000,0x00000007b2a80000,0x00000007c0000000)
 ParOldGen       total 1105920K, used 882243K [0x0000000720000000, 0x0000000763800000, 0x000000078ab00000)
  object space 1105920K, 79% used [0x0000000720000000,0x0000000755d90e58,0x0000000763800000)
 Metaspace       used 88853K, capacity 93048K, committed 93608K, reserved 1130496K
  class space    used 11093K, capacity 11847K, committed 11952K, reserved 1048576K
Event: 2278.288 GC heap after
Heap after GC invocations=58 (full 10):
 PSYoungGen      total 648704K, used 139226K [0x000000078ab00000, 0x00000007c0000000, 0x00000007c0000000)
  eden space 430080K, 0% used [0x000000078ab00000,0x000000078ab00000,0x00000007a4f00000)
  from space 218624K, 63% used [0x00000007b2a80000,0x00000007bb276a80,0x00000007c0000000)
  to   space 221696K, 0% used [0x00000007a4f00000,0x00000007a4f00000,0x00000007b2780000)
 ParOldGen       total 1105920K, used 882251K [0x0000000720000000, 0x0000000763800000, 0x000000078ab00000)
  object space 1105920K, 79% used [0x0000000720000000,0x0000000755d92e58,0x0000000763800000)
 Metaspace       used 88853K, capacity 93048K, committed 93608K, reserved 1130496K
  class space    used 11093K, capacity 11847K, committed 11952K, reserved 1048576K
}
Event: 2279.923 GC heap before
{Heap before GC invocations=59 (full 10):
 PSYoungGen      total 648704K, used 426273K [0x000000078ab00000, 0x00000007c0000000, 0x00000007c0000000)
  eden space 430080K, 66% used [0x000000078ab00000,0x000000079c3519d8,0x00000007a4f00000)
  from space 218624K, 63% used [0x00000007b2a80000,0x00000007bb276a80,0x00000007c0000000)
  to   space 221696K, 0% used [0x00000007a4f00000,0x00000007a4f00000,0x00000007b2780000)
 ParOldGen       total 1105920K, used 882251K [0x0000000720000000, 0x0000000763800000, 0x000000078ab00000)
  object space 1105920K, 79% used [0x0000000720000000,0x0000000755d92e58,0x0000000763800000)
 Metaspace       used 90910K, capacity 95188K, committed 95656K, reserved 1132544K
  class space    used 11354K, capacity 12123K, committed 12208K, reserved 1048576K
Event: 2280.009 GC heap after
Heap after GC invocations=59 (full 10):
 PSYoungGen      total 571392K, used 140874K [0x000000078ab00000, 0x00000007c0000000, 0x00000007c0000000)
  eden space 430080K, 0% used [0x000000078ab00000,0x000000078ab00000,0x00000007a4f00000)
  from space 141312K, 99% used [0x00000007a4f00000,0x00000007ad892a88,0x00000007ad900000)
  to   space 223744K, 0% used [0x00000007b2580000,0x00000007b2580000,0x00000007c0000000)
 ParOldGen       total 1105920K, used 882259K [0x0000000720000000, 0x0000000763800000, 0x000000078ab00000)
  object space 1105920K, 79% used [0x0000000720000000,0x0000000755d94e58,0x0000000763800000)
 Metaspace       used 90910K, capacity 95188K, committed 95656K, reserved 1132544K
  class space    used 11354K, capacity 12123K, committed 12208K, reserved 1048576K
}
Event: 2280.009 GC heap before
{Heap before GC invocations=60 (full 11):
 PSYoungGen      total 571392K, used 140874K [0x000000078ab00000, 0x00000007c0000000, 0x00000007c0000000)
  eden space 430080K, 0% used [0x000000078ab00000,0x000000078ab00000,0x00000007a4f00000)
  from space 141312K, 99% used [0x00000007a4f00000,0x00000007ad892a88,0x00000007ad900000)
  to   space 223744K, 0% used [0x00000007b2580000,0x00000007b2580000,0x00000007c0000000)
 ParOldGen       total 1105920K, used 882259K [0x0000000720000000, 0x0000000763800000, 0x000000078ab00000)
  object space 1105920K, 79% used [0x0000000720000000,0x0000000755d94e58,0x0000000763800000)
 Metaspace       used 90910K, capacity 95188K, committed 95656K, reserved 1132544K
  class space    used 11354K, capacity 12123K, committed 12208K, reserved 1048576K
Event: 2280.356 GC heap after
Heap after GC invocations=60 (full 11):
 PSYoungGen      total 571392K, used 0K [0x000000078ab00000, 0x00000007c0000000, 0x00000007c0000000)
  eden space 430080K, 0% used [0x000000078ab00000,0x000000078ab00000,0x00000007a4f00000)
  from space 141312K, 0% used [0x00000007a4f00000,0x00000007a4f00000,0x00000007ad900000)
  to   space 223744K, 0% used [0x00000007b2580000,0x00000007b2580000,0x00000007c0000000)
 ParOldGen       total 1105920K, used 102410K [0x0000000720000000, 0x0000000763800000, 0x000000078ab00000)
  object space 1105920K, 9% used [0x0000000720000000,0x00000007264029e0,0x0000000763800000)
 Metaspace       used 90910K, capacity 95188K, committed 95656K, reserved 1132544K
  class space    used 11354K, capacity 12123K, committed 12208K, reserved 1048576K
}
Event: 3004.745 GC heap before
{Heap before GC invocations=61 (full 11):
 PSYoungGen      total 571392K, used 238246K [0x000000078ab00000, 0x00000007c0000000, 0x00000007c0000000)
  eden space 430080K, 55% used [0x000000078ab00000,0x00000007993a9830,0x00000007a4f00000)
  from space 141312K, 0% used [0x00000007a4f00000,0x00000007a4f00000,0x00000007ad900000)
  to   space 223744K, 0% used [0x00000007b2580000,0x00000007b2580000,0x00000007c0000000)
 ParOldGen       total 1105920K, used 102410K [0x0000000720000000, 0x0000000763800000, 0x000000078ab00000)
  object space 1105920K, 9% used [0x0000000720000000,0x00000007264029e0,0x0000000763800000)
 Metaspace       used 97016K, capacity 102394K, committed 102440K, reserved 1138688K
  class space    used 12295K, capacity 13327K, committed 13360K, reserved 1048576K
Event: 3004.770 GC heap after
Heap after GC invocations=61 (full 11):
 PSYoungGen      total 641536K, used 15657K [0x000000078ab00000, 0x00000007c0000000, 0x00000007c0000000)
  eden space 417792K, 0% used [0x000000078ab00000,0x000000078ab00000,0x00000007a4300000)
  from space 223744K, 6% used [0x00000007b2580000,0x00000007b34ca6f8,0x00000007c0000000)
  to   space 227840K, 0% used [0x00000007a4300000,0x00000007a4300000,0x00000007b2180000)
 ParOldGen       total 1105920K, used 102418K [0x0000000720000000, 0x0000000763800000, 0x000000078ab00000)
  object space 1105920K, 9% used [0x0000000720000000,0x00000007264049e0,0x0000000763800000)
 Metaspace       used 97016K, capacity 102394K, committed 102440K, reserved 1138688K
  class space    used 12295K, capacity 13327K, committed 13360K, reserved 1048576K
}
Event: 3004.771 GC heap before
{Heap before GC invocations=62 (full 12):
 PSYoungGen      total 641536K, used 15657K [0x000000078ab00000, 0x00000007c0000000, 0x00000007c0000000)
  eden space 417792K, 0% used [0x000000078ab00000,0x000000078ab00000,0x00000007a4300000)
  from space 223744K, 6% used [0x00000007b2580000,0x00000007b34ca6f8,0x00000007c0000000)
  to   space 227840K, 0% used [0x00000007a4300000,0x00000007a4300000,0x00000007b2180000)
 ParOldGen       total 1105920K, used 102418K [0x0000000720000000, 0x0000000763800000, 0x000000078ab00000)
  object space 1105920K, 9% used [0x0000000720000000,0x00000007264049e0,0x0000000763800000)
 Metaspace       used 97016K, capacity 102394K, committed 102440K, reserved 1138688K
  class space    used 12295K, capacity 13327K, committed 13360K, reserved 1048576K
Event: 3005.336 GC heap after
Heap after GC invocations=62 (full 12):
 PSYoungGen      total 641536K, used 0K [0x000000078ab00000, 0x00000007c0000000, 0x00000007c0000000)
  eden space 417792K, 0% used [0x000000078ab00000,0x000000078ab00000,0x00000007a4300000)
  from space 223744K, 0% used [0x00000007b2580000,0x00000007b2580000,0x00000007c0000000)
  to   space 227840K, 0% used [0x00000007a4300000,0x00000007a4300000,0x00000007b2180000)
 ParOldGen       total 1105920K, used 104693K [0x0000000720000000, 0x0000000763800000, 0x000000078ab00000)
  object space 1105920K, 9% used [0x0000000720000000,0x000000072663d728,0x0000000763800000)
 Metaspace       used 96937K, capacity 102154K, committed 102440K, reserved 1138688K
  class space    used 12275K, capacity 13247K, committed 13360K, reserved 1048576K
}

